#-----------------------------------------------------------
# Vivado v2018.3 (64-bit)
# SW Build 2405991 on Thu Dec  6 23:38:27 MST 2018
# IP Build 2404404 on Fri Dec  7 01:43:56 MST 2018
# Start of session at: Mon Jun  5 19:57:20 2023
# Process ID: 820
# Current directory: D:/4_rok_semestr_8/SDUP/BWT_onboard
# Command line: vivado.exe -gui_launcher_event rodinguilauncherevent22460 D:\4_rok_semestr_8\SDUP\BWT_onboard\BWT_onboard.xpr
# Log file: D:/4_rok_semestr_8/SDUP/BWT_onboard/vivado.log
# Journal file: D:/4_rok_semestr_8/SDUP/BWT_onboard\vivado.jou
#-----------------------------------------------------------
sstart_guiopen_project D:/4_rok_semestr_8/SDUP/BWT_onboard/BWT_onboard.xpr
Scanning sources...
Finished scanning sources
IINFO: [IP_Flow 19-234] Refreshing IP repositoriesIINFO: [IP_Flow 19-1700] Loaded user IP repository 'd:/4_rok_semestr_8/SDUP/ip_repo/cordic_ip_1.0'.INFO: [IP_Flow 19-2313] Loaded Vivado IP repository 'D:/Vivado/2018.3/data/ip'.
open_project: Time (s): cpu = 00:00:24 ; elapsed = 00:00:26 . Memory (MB): peak = 700.879 ; gain = 108.621
update_compile_order -fileset sources_1
launch_sdk -workspace D:/4_rok_semestr_8/SDUP/BWT_onboard/BWT_onboard.sdk -hwspec D:/4_rok_semestr_8/SDUP/BWT_onboard/BWT_onboard.sdk/design_acc_wrapper.hdf
INFO: [Vivado 12-393] Launching SDK...
INFO: [Vivado 12-417] Running xsdk -workspace D:/4_rok_semestr_8/SDUP/BWT_onboard/BWT_onboard.sdk -hwspec D:/4_rok_semestr_8/SDUP/BWT_onboard/BWT_onboard.sdk/design_acc_wrapper.hdf
INFO: [Vivado 12-3157] SDK launch initiated. Please check console for any further messages.
exit
INFO: [Common 17-206] Exiting Vivado at Mon Jun  5 22:03:59 2023...
