#-----------------------------------------------------------
# Vivado v2018.3 (64-bit)
# SW Build 2405991 on Thu Dec  6 23:38:27 MST 2018
# IP Build 2404404 on Fri Dec  7 01:43:56 MST 2018
# Start of session at: Mon May  8 17:17:28 2023
# Process ID: 18884
# Current directory: D:/AGH_magisterskie/SDUP/Projekt/BWT/BWT
# Command line: vivado.exe -gui_launcher_event rodinguilauncherevent2904 D:\AGH_magisterskie\SDUP\Projekt\BWT\BWT\BWT.xpr
# Log file: D:/AGH_magisterskie/SDUP/Projekt/BWT/BWT/vivado.log
# Journal file: D:/AGH_magisterskie/SDUP/Projekt/BWT/BWT\vivado.jou
#-----------------------------------------------------------
start_gui
open_project D:/AGH_magisterskie/SDUP/Projekt/BWT/BWT/BWT.xpr
Scanning sources...
Finished scanning sources
INFO: [IP_Flow 19-234] Refreshing IP repositories
INFO: [IP_Flow 19-1704] No user IP repositories specified
INFO: [IP_Flow 19-2313] Loaded Vivado IP repository 'C:/Xilinx/Vivado/2018.3/data/ip'.
update_compile_order -fileset sources_1
exit
INFO: [Common 17-206] Exiting Vivado at Mon May  8 17:23:01 2023...
