#-----------------------------------------------------------
# Vivado v2018.3 (64-bit)
# SW Build 2405991 on Thu Dec  6 23:38:27 MST 2018
# IP Build 2404404 on Fri Dec  7 01:43:56 MST 2018
# Start of session at: Wed Jun 14 21:08:19 2023
# Process ID: 22320
# Current directory: D:/AGH_magisterskie/SDUP/Projekt/SDUP_BWT_transformata/BWT
# Command line: vivado.exe -gui_launcher_event rodinguilauncherevent11672 D:\AGH_magisterskie\SDUP\Projekt\SDUP_BWT_transformata\BWT\BWT.xpr
# Log file: D:/AGH_magisterskie/SDUP/Projekt/SDUP_BWT_transformata/BWT/vivado.log
# Journal file: D:/AGH_magisterskie/SDUP/Projekt/SDUP_BWT_transformata/BWT\vivado.jou
#-----------------------------------------------------------
start_gui
open_project D:/AGH_magisterskie/SDUP/Projekt/SDUP_BWT_transformata/BWT/BWT.xpr
Scanning sources...
Finished scanning sources
WARNING: [filemgmt 56-3] IP Output Repository Path: Could not find the directory 'D:/AGH_magisterskie/SDUP/Projekt/BWT/BWT/BWT.cache/ip'.
INFO: [IP_Flow 19-234] Refreshing IP repositories
INFO: [IP_Flow 19-1704] No user IP repositories specified
INFO: [IP_Flow 19-2313] Loaded Vivado IP repository 'C:/Xilinx/Vivado/2018.3/data/ip'.
update_compile_order -fileset sources_1
exit
INFO: [Common 17-206] Exiting Vivado at Wed Jun 14 21:08:43 2023...
