21:32:39 INFO  : Registering command handlers for SDK TCF services
21:32:40 INFO  : Launching XSCT server: xsct.bat -interactive D:\AGH_magisterskie\SDUP\Projekt\SDUP_BWT_transformata\BWT_cordic\BWT_cordic.sdk\temp_xsdb_launch_script.tcl
21:32:41 INFO  : XSCT server has started successfully.
21:32:41 INFO  : Successfully done setting XSCT server connection channel  
21:32:41 INFO  : Successfully done setting SDK workspace  
21:32:41 INFO  : Processing command line option -hwspec D:/AGH_magisterskie/SDUP/Projekt/SDUP_BWT_transformata/BWT_cordic/BWT_cordic.sdk/design_acc_wrapper.hdf.
21:58:34 INFO  : Connected to target on host '127.0.0.1' and port '3121'.
21:58:34 INFO  : 'targets -set -filter {jtag_cable_name =~ "Digilent Zed 210248531164" && level==0} -index 1' command is executed.
21:58:37 INFO  : FPGA configured successfully with bitstream "D:/AGH_magisterskie/SDUP/Projekt/SDUP_BWT_transformata/BWT_cordic/BWT_cordic.sdk/design_acc_wrapper_hw_platform_0/design_acc_wrapper.bit"
21:59:14 INFO  : 'targets -set -filter {jtag_cable_name =~ "Digilent Zed 210248531164" && level==0} -index 1' command is executed.
21:59:14 INFO  : 'fpga -state' command is executed.
21:59:14 INFO  : Connected to target on host '127.0.0.1' and port '3121'.
21:59:15 INFO  : Jtag cable 'Digilent Zed 210248531164' is selected.
21:59:15 INFO  : 'jtag frequency' command is executed.
21:59:15 INFO  : Sourcing of 'D:/AGH_magisterskie/SDUP/Projekt/SDUP_BWT_transformata/BWT_cordic/BWT_cordic.sdk/design_acc_wrapper_hw_platform_0/ps7_init.tcl' is done.
21:59:15 INFO  : Context for 'APU' is selected.
21:59:15 INFO  : Hardware design information is loaded from 'D:/AGH_magisterskie/SDUP/Projekt/SDUP_BWT_transformata/BWT_cordic/BWT_cordic.sdk/design_acc_wrapper_hw_platform_0/system.hdf'.
21:59:15 INFO  : 'configparams force-mem-access 1' command is executed.
21:59:15 INFO  : Context for 'APU' is selected.
21:59:15 INFO  : 'stop' command is executed.
21:59:15 INFO  : 'ps7_init' command is executed.
21:59:15 INFO  : 'ps7_post_config' command is executed.
21:59:15 INFO  : Context for processor 'ps7_cortexa9_0' is selected.
21:59:15 INFO  : Processor reset is completed for 'ps7_cortexa9_0'.
21:59:15 INFO  : Context for processor 'ps7_cortexa9_0' is selected.
21:59:15 INFO  : The application 'D:/AGH_magisterskie/SDUP/Projekt/SDUP_BWT_transformata/BWT_cordic/BWT_cordic.sdk/BWT_transform/Debug/BWT_transform.elf' is downloaded to processor 'ps7_cortexa9_0'.
21:59:15 INFO  : 'configparams force-mem-access 0' command is executed.
21:59:15 INFO  : ----------------XSDB Script----------------
connect -url tcp:127.0.0.1:3121
source D:/AGH_magisterskie/SDUP/Projekt/SDUP_BWT_transformata/BWT_cordic/BWT_cordic.sdk/design_acc_wrapper_hw_platform_0/ps7_init.tcl
targets -set -nocase -filter {name =~"APU*" && jtag_cable_name =~ "Digilent Zed 210248531164"} -index 0
loadhw -hw D:/AGH_magisterskie/SDUP/Projekt/SDUP_BWT_transformata/BWT_cordic/BWT_cordic.sdk/design_acc_wrapper_hw_platform_0/system.hdf -mem-ranges [list {0x40000000 0xbfffffff}]
configparams force-mem-access 1
targets -set -nocase -filter {name =~"APU*" && jtag_cable_name =~ "Digilent Zed 210248531164"} -index 0
stop
ps7_init
ps7_post_config
targets -set -nocase -filter {name =~ "ARM*#0" && jtag_cable_name =~ "Digilent Zed 210248531164"} -index 0
rst -processor
targets -set -nocase -filter {name =~ "ARM*#0" && jtag_cable_name =~ "Digilent Zed 210248531164"} -index 0
dow D:/AGH_magisterskie/SDUP/Projekt/SDUP_BWT_transformata/BWT_cordic/BWT_cordic.sdk/BWT_transform/Debug/BWT_transform.elf
configparams force-mem-access 0
----------------End of Script----------------

21:59:15 INFO  : Context for processor 'ps7_cortexa9_0' is selected.
21:59:15 INFO  : 'con' command is executed.
21:59:15 INFO  : ----------------XSDB Script (After Launch)----------------
targets -set -nocase -filter {name =~ "ARM*#0" && jtag_cable_name =~ "Digilent Zed 210248531164"} -index 0
con
----------------End of Script----------------

21:59:15 INFO  : Disconnected from the channel tcfchan#1.
22:00:12 INFO  : Connected to target on host '127.0.0.1' and port '3121'.
22:00:12 INFO  : 'targets -set -filter {jtag_cable_name =~ "Digilent Zed 210248531164" && level==0} -index 1' command is executed.
22:00:14 INFO  : FPGA configured successfully with bitstream "D:/AGH_magisterskie/SDUP/Projekt/SDUP_BWT_transformata/BWT_cordic/BWT_cordic.sdk/design_acc_wrapper_hw_platform_0/design_acc_wrapper.bit"
22:00:23 INFO  : 'targets -set -filter {jtag_cable_name =~ "Digilent Zed 210248531164" && level==0} -index 1' command is executed.
22:00:23 INFO  : 'fpga -state' command is executed.
22:00:23 INFO  : Connected to target on host '127.0.0.1' and port '3121'.
22:00:23 INFO  : Jtag cable 'Digilent Zed 210248531164' is selected.
22:00:23 INFO  : 'jtag frequency' command is executed.
22:00:23 INFO  : Sourcing of 'D:/AGH_magisterskie/SDUP/Projekt/SDUP_BWT_transformata/BWT_cordic/BWT_cordic.sdk/design_acc_wrapper_hw_platform_0/ps7_init.tcl' is done.
22:00:23 INFO  : Context for 'APU' is selected.
22:00:23 INFO  : Hardware design information is loaded from 'D:/AGH_magisterskie/SDUP/Projekt/SDUP_BWT_transformata/BWT_cordic/BWT_cordic.sdk/design_acc_wrapper_hw_platform_0/system.hdf'.
22:00:23 INFO  : 'configparams force-mem-access 1' command is executed.
22:00:23 INFO  : Context for 'APU' is selected.
22:00:23 INFO  : 'stop' command is executed.
22:00:23 INFO  : 'ps7_init' command is executed.
22:00:23 INFO  : 'ps7_post_config' command is executed.
22:00:23 INFO  : Context for processor 'ps7_cortexa9_0' is selected.
22:00:23 INFO  : Processor reset is completed for 'ps7_cortexa9_0'.
22:00:23 INFO  : Context for processor 'ps7_cortexa9_0' is selected.
22:00:23 INFO  : The application 'D:/AGH_magisterskie/SDUP/Projekt/SDUP_BWT_transformata/BWT_cordic/BWT_cordic.sdk/BWT_transform/Debug/BWT_transform.elf' is downloaded to processor 'ps7_cortexa9_0'.
22:00:23 INFO  : 'configparams force-mem-access 0' command is executed.
22:00:23 INFO  : ----------------XSDB Script----------------
connect -url tcp:127.0.0.1:3121
source D:/AGH_magisterskie/SDUP/Projekt/SDUP_BWT_transformata/BWT_cordic/BWT_cordic.sdk/design_acc_wrapper_hw_platform_0/ps7_init.tcl
targets -set -nocase -filter {name =~"APU*" && jtag_cable_name =~ "Digilent Zed 210248531164"} -index 0
loadhw -hw D:/AGH_magisterskie/SDUP/Projekt/SDUP_BWT_transformata/BWT_cordic/BWT_cordic.sdk/design_acc_wrapper_hw_platform_0/system.hdf -mem-ranges [list {0x40000000 0xbfffffff}]
configparams force-mem-access 1
targets -set -nocase -filter {name =~"APU*" && jtag_cable_name =~ "Digilent Zed 210248531164"} -index 0
stop
ps7_init
ps7_post_config
targets -set -nocase -filter {name =~ "ARM*#0" && jtag_cable_name =~ "Digilent Zed 210248531164"} -index 0
rst -processor
targets -set -nocase -filter {name =~ "ARM*#0" && jtag_cable_name =~ "Digilent Zed 210248531164"} -index 0
dow D:/AGH_magisterskie/SDUP/Projekt/SDUP_BWT_transformata/BWT_cordic/BWT_cordic.sdk/BWT_transform/Debug/BWT_transform.elf
configparams force-mem-access 0
----------------End of Script----------------

22:00:23 INFO  : Context for processor 'ps7_cortexa9_0' is selected.
22:00:23 INFO  : 'con' command is executed.
22:00:23 INFO  : ----------------XSDB Script (After Launch)----------------
targets -set -nocase -filter {name =~ "ARM*#0" && jtag_cable_name =~ "Digilent Zed 210248531164"} -index 0
con
----------------End of Script----------------

22:00:23 INFO  : Disconnected from the channel tcfchan#2.
22:01:12 INFO  : Connected to target on host '127.0.0.1' and port '3121'.
22:01:12 INFO  : 'targets -set -filter {jtag_cable_name =~ "Digilent Zed 210248531164" && level==0} -index 1' command is executed.
22:01:15 INFO  : FPGA configured successfully with bitstream "D:/AGH_magisterskie/SDUP/Projekt/SDUP_BWT_transformata/BWT_cordic/BWT_cordic.sdk/design_acc_wrapper_hw_platform_0/design_acc_wrapper.bit"
22:01:35 INFO  : Connected to target on host '127.0.0.1' and port '3121'.
22:01:35 INFO  : 'targets -set -filter {jtag_cable_name =~ "Digilent Zed 210248531164" && level==0} -index 1' command is executed.
22:01:37 INFO  : FPGA configured successfully with bitstream "D:/AGH_magisterskie/SDUP/Projekt/SDUP_BWT_transformata/BWT_cordic/BWT_cordic.sdk/design_acc_wrapper_hw_platform_0/design_acc_wrapper.bit"
22:01:47 INFO  : 'targets -set -filter {jtag_cable_name =~ "Digilent Zed 210248531164" && level==0} -index 1' command is executed.
22:01:47 INFO  : 'fpga -state' command is executed.
22:01:47 INFO  : Connected to target on host '127.0.0.1' and port '3121'.
22:01:47 INFO  : Jtag cable 'Digilent Zed 210248531164' is selected.
22:01:47 INFO  : 'jtag frequency' command is executed.
22:01:47 INFO  : Sourcing of 'D:/AGH_magisterskie/SDUP/Projekt/SDUP_BWT_transformata/BWT_cordic/BWT_cordic.sdk/design_acc_wrapper_hw_platform_0/ps7_init.tcl' is done.
22:01:47 INFO  : Context for 'APU' is selected.
22:01:47 INFO  : Hardware design information is loaded from 'D:/AGH_magisterskie/SDUP/Projekt/SDUP_BWT_transformata/BWT_cordic/BWT_cordic.sdk/design_acc_wrapper_hw_platform_0/system.hdf'.
22:01:47 INFO  : 'configparams force-mem-access 1' command is executed.
22:01:47 INFO  : Context for 'APU' is selected.
22:01:47 INFO  : 'stop' command is executed.
22:01:48 INFO  : 'ps7_init' command is executed.
22:01:48 INFO  : 'ps7_post_config' command is executed.
22:01:48 INFO  : Context for processor 'ps7_cortexa9_0' is selected.
22:01:48 INFO  : Processor reset is completed for 'ps7_cortexa9_0'.
22:01:48 INFO  : Context for processor 'ps7_cortexa9_0' is selected.
22:01:48 INFO  : The application 'D:/AGH_magisterskie/SDUP/Projekt/SDUP_BWT_transformata/BWT_cordic/BWT_cordic.sdk/BWT_transform/Debug/BWT_transform.elf' is downloaded to processor 'ps7_cortexa9_0'.
22:01:48 INFO  : 'configparams force-mem-access 0' command is executed.
22:01:48 INFO  : ----------------XSDB Script----------------
connect -url tcp:127.0.0.1:3121
source D:/AGH_magisterskie/SDUP/Projekt/SDUP_BWT_transformata/BWT_cordic/BWT_cordic.sdk/design_acc_wrapper_hw_platform_0/ps7_init.tcl
targets -set -nocase -filter {name =~"APU*" && jtag_cable_name =~ "Digilent Zed 210248531164"} -index 0
loadhw -hw D:/AGH_magisterskie/SDUP/Projekt/SDUP_BWT_transformata/BWT_cordic/BWT_cordic.sdk/design_acc_wrapper_hw_platform_0/system.hdf -mem-ranges [list {0x40000000 0xbfffffff}]
configparams force-mem-access 1
targets -set -nocase -filter {name =~"APU*" && jtag_cable_name =~ "Digilent Zed 210248531164"} -index 0
stop
ps7_init
ps7_post_config
targets -set -nocase -filter {name =~ "ARM*#0" && jtag_cable_name =~ "Digilent Zed 210248531164"} -index 0
rst -processor
targets -set -nocase -filter {name =~ "ARM*#0" && jtag_cable_name =~ "Digilent Zed 210248531164"} -index 0
dow D:/AGH_magisterskie/SDUP/Projekt/SDUP_BWT_transformata/BWT_cordic/BWT_cordic.sdk/BWT_transform/Debug/BWT_transform.elf
configparams force-mem-access 0
----------------End of Script----------------

22:01:48 INFO  : Context for processor 'ps7_cortexa9_0' is selected.
22:01:48 INFO  : 'con' command is executed.
22:01:48 INFO  : ----------------XSDB Script (After Launch)----------------
targets -set -nocase -filter {name =~ "ARM*#0" && jtag_cable_name =~ "Digilent Zed 210248531164"} -index 0
con
----------------End of Script----------------

22:01:48 INFO  : Disconnected from the channel tcfchan#3.
22:02:43 INFO  : Connected to target on host '127.0.0.1' and port '3121'.
22:02:43 INFO  : 'targets -set -filter {jtag_cable_name =~ "Digilent Zed 210248531164" && level==0} -index 1' command is executed.
22:02:46 INFO  : FPGA configured successfully with bitstream "D:/AGH_magisterskie/SDUP/Projekt/SDUP_BWT_transformata/BWT_cordic/BWT_cordic.sdk/design_acc_wrapper_hw_platform_0/design_acc_wrapper.bit"
22:03:13 INFO  : 'targets -set -filter {jtag_cable_name =~ "Digilent Zed 210248531164" && level==0} -index 1' command is executed.
22:03:13 INFO  : 'fpga -state' command is executed.
22:03:13 INFO  : Connected to target on host '127.0.0.1' and port '3121'.
22:03:13 INFO  : Jtag cable 'Digilent Zed 210248531164' is selected.
22:03:13 INFO  : 'jtag frequency' command is executed.
22:03:13 INFO  : Sourcing of 'D:/AGH_magisterskie/SDUP/Projekt/SDUP_BWT_transformata/BWT_cordic/BWT_cordic.sdk/design_acc_wrapper_hw_platform_0/ps7_init.tcl' is done.
22:03:13 INFO  : Context for 'APU' is selected.
22:03:13 INFO  : Hardware design information is loaded from 'D:/AGH_magisterskie/SDUP/Projekt/SDUP_BWT_transformata/BWT_cordic/BWT_cordic.sdk/design_acc_wrapper_hw_platform_0/system.hdf'.
22:03:13 INFO  : 'configparams force-mem-access 1' command is executed.
22:03:13 INFO  : Context for 'APU' is selected.
22:03:13 INFO  : 'stop' command is executed.
22:03:13 INFO  : 'ps7_init' command is executed.
22:03:13 INFO  : 'ps7_post_config' command is executed.
22:03:13 INFO  : Context for processor 'ps7_cortexa9_0' is selected.
22:03:13 INFO  : Processor reset is completed for 'ps7_cortexa9_0'.
22:03:13 INFO  : Context for processor 'ps7_cortexa9_0' is selected.
22:03:13 INFO  : The application 'D:/AGH_magisterskie/SDUP/Projekt/SDUP_BWT_transformata/BWT_cordic/BWT_cordic.sdk/BWT_transform/Debug/BWT_transform.elf' is downloaded to processor 'ps7_cortexa9_0'.
22:03:13 INFO  : 'configparams force-mem-access 0' command is executed.
22:03:13 INFO  : ----------------XSDB Script----------------
connect -url tcp:127.0.0.1:3121
source D:/AGH_magisterskie/SDUP/Projekt/SDUP_BWT_transformata/BWT_cordic/BWT_cordic.sdk/design_acc_wrapper_hw_platform_0/ps7_init.tcl
targets -set -nocase -filter {name =~"APU*" && jtag_cable_name =~ "Digilent Zed 210248531164"} -index 0
loadhw -hw D:/AGH_magisterskie/SDUP/Projekt/SDUP_BWT_transformata/BWT_cordic/BWT_cordic.sdk/design_acc_wrapper_hw_platform_0/system.hdf -mem-ranges [list {0x40000000 0xbfffffff}]
configparams force-mem-access 1
targets -set -nocase -filter {name =~"APU*" && jtag_cable_name =~ "Digilent Zed 210248531164"} -index 0
stop
ps7_init
ps7_post_config
targets -set -nocase -filter {name =~ "ARM*#0" && jtag_cable_name =~ "Digilent Zed 210248531164"} -index 0
rst -processor
targets -set -nocase -filter {name =~ "ARM*#0" && jtag_cable_name =~ "Digilent Zed 210248531164"} -index 0
dow D:/AGH_magisterskie/SDUP/Projekt/SDUP_BWT_transformata/BWT_cordic/BWT_cordic.sdk/BWT_transform/Debug/BWT_transform.elf
configparams force-mem-access 0
----------------End of Script----------------

22:03:13 INFO  : Context for processor 'ps7_cortexa9_0' is selected.
22:03:13 INFO  : 'con' command is executed.
22:03:13 INFO  : ----------------XSDB Script (After Launch)----------------
targets -set -nocase -filter {name =~ "ARM*#0" && jtag_cable_name =~ "Digilent Zed 210248531164"} -index 0
con
----------------End of Script----------------

22:03:13 INFO  : Disconnected from the channel tcfchan#4.
22:04:36 INFO  : Connected to target on host '127.0.0.1' and port '3121'.
22:04:36 INFO  : 'targets -set -filter {jtag_cable_name =~ "Digilent Zed 210248531164" && level==0} -index 1' command is executed.
22:04:39 INFO  : FPGA configured successfully with bitstream "D:/AGH_magisterskie/SDUP/Projekt/SDUP_BWT_transformata/BWT_cordic/BWT_cordic.sdk/design_acc_wrapper_hw_platform_0/design_acc_wrapper.bit"
22:04:49 INFO  : 'targets -set -filter {jtag_cable_name =~ "Digilent Zed 210248531164" && level==0} -index 1' command is executed.
22:04:49 INFO  : 'fpga -state' command is executed.
22:04:49 INFO  : Connected to target on host '127.0.0.1' and port '3121'.
22:04:49 INFO  : Jtag cable 'Digilent Zed 210248531164' is selected.
22:04:49 INFO  : 'jtag frequency' command is executed.
22:04:49 INFO  : Sourcing of 'D:/AGH_magisterskie/SDUP/Projekt/SDUP_BWT_transformata/BWT_cordic/BWT_cordic.sdk/design_acc_wrapper_hw_platform_0/ps7_init.tcl' is done.
22:04:49 INFO  : Context for 'APU' is selected.
22:04:49 INFO  : Hardware design information is loaded from 'D:/AGH_magisterskie/SDUP/Projekt/SDUP_BWT_transformata/BWT_cordic/BWT_cordic.sdk/design_acc_wrapper_hw_platform_0/system.hdf'.
22:04:49 INFO  : 'configparams force-mem-access 1' command is executed.
22:04:49 INFO  : Context for 'APU' is selected.
22:04:49 INFO  : 'stop' command is executed.
22:04:49 ERROR : Memory read error at 0xF8007080. AHB AP transaction error, DAP status f0000021
22:04:49 INFO  : ----------------XSDB Script----------------
connect -url tcp:127.0.0.1:3121
source D:/AGH_magisterskie/SDUP/Projekt/SDUP_BWT_transformata/BWT_cordic/BWT_cordic.sdk/design_acc_wrapper_hw_platform_0/ps7_init.tcl
targets -set -nocase -filter {name =~"APU*" && jtag_cable_name =~ "Digilent Zed 210248531164"} -index 0
loadhw -hw D:/AGH_magisterskie/SDUP/Projekt/SDUP_BWT_transformata/BWT_cordic/BWT_cordic.sdk/design_acc_wrapper_hw_platform_0/system.hdf -mem-ranges [list {0x40000000 0xbfffffff}]
configparams force-mem-access 1
targets -set -nocase -filter {name =~"APU*" && jtag_cable_name =~ "Digilent Zed 210248531164"} -index 0
stop
ps7_init
----------------End of Script----------------

22:05:07 INFO  : Connected to target on host '127.0.0.1' and port '3121'.
22:05:07 INFO  : 'targets -set -filter {jtag_cable_name =~ "Digilent Zed 210248531164" && level==0} -index 1' command is executed.
22:05:10 ERROR : fpga configuration failed. DONE PIN is not HIGH
22:05:39 INFO  : Connected to target on host '127.0.0.1' and port '3121'.
22:05:39 INFO  : 'targets -set -filter {jtag_cable_name =~ "Digilent Zed 210248531164" && level==0} -index 1' command is executed.
22:05:41 INFO  : FPGA configured successfully with bitstream "D:/AGH_magisterskie/SDUP/Projekt/SDUP_BWT_transformata/BWT_cordic/BWT_cordic.sdk/design_acc_wrapper_hw_platform_0/design_acc_wrapper.bit"
22:05:46 INFO  : 'targets -set -filter {jtag_cable_name =~ "Digilent Zed 210248531164" && level==0} -index 1' command is executed.
22:05:46 INFO  : 'fpga -state' command is executed.
22:05:46 INFO  : Connected to target on host '127.0.0.1' and port '3121'.
22:05:46 INFO  : Jtag cable 'Digilent Zed 210248531164' is selected.
22:05:46 INFO  : 'jtag frequency' command is executed.
22:05:46 INFO  : Sourcing of 'D:/AGH_magisterskie/SDUP/Projekt/SDUP_BWT_transformata/BWT_cordic/BWT_cordic.sdk/design_acc_wrapper_hw_platform_0/ps7_init.tcl' is done.
22:05:46 INFO  : Context for 'APU' is selected.
22:05:46 INFO  : Hardware design information is loaded from 'D:/AGH_magisterskie/SDUP/Projekt/SDUP_BWT_transformata/BWT_cordic/BWT_cordic.sdk/design_acc_wrapper_hw_platform_0/system.hdf'.
22:05:46 INFO  : 'configparams force-mem-access 1' command is executed.
22:05:46 INFO  : Context for 'APU' is selected.
22:05:46 INFO  : 'stop' command is executed.
22:05:47 INFO  : 'ps7_init' command is executed.
22:05:47 INFO  : 'ps7_post_config' command is executed.
22:05:47 INFO  : Context for processor 'ps7_cortexa9_0' is selected.
22:05:47 INFO  : Processor reset is completed for 'ps7_cortexa9_0'.
22:05:47 INFO  : Context for processor 'ps7_cortexa9_0' is selected.
22:05:47 INFO  : The application 'D:/AGH_magisterskie/SDUP/Projekt/SDUP_BWT_transformata/BWT_cordic/BWT_cordic.sdk/BWT_transform/Debug/BWT_transform.elf' is downloaded to processor 'ps7_cortexa9_0'.
22:05:47 INFO  : 'configparams force-mem-access 0' command is executed.
22:05:47 INFO  : ----------------XSDB Script----------------
connect -url tcp:127.0.0.1:3121
source D:/AGH_magisterskie/SDUP/Projekt/SDUP_BWT_transformata/BWT_cordic/BWT_cordic.sdk/design_acc_wrapper_hw_platform_0/ps7_init.tcl
targets -set -nocase -filter {name =~"APU*" && jtag_cable_name =~ "Digilent Zed 210248531164"} -index 0
loadhw -hw D:/AGH_magisterskie/SDUP/Projekt/SDUP_BWT_transformata/BWT_cordic/BWT_cordic.sdk/design_acc_wrapper_hw_platform_0/system.hdf -mem-ranges [list {0x40000000 0xbfffffff}]
configparams force-mem-access 1
targets -set -nocase -filter {name =~"APU*" && jtag_cable_name =~ "Digilent Zed 210248531164"} -index 0
stop
ps7_init
ps7_post_config
targets -set -nocase -filter {name =~ "ARM*#0" && jtag_cable_name =~ "Digilent Zed 210248531164"} -index 0
rst -processor
targets -set -nocase -filter {name =~ "ARM*#0" && jtag_cable_name =~ "Digilent Zed 210248531164"} -index 0
dow D:/AGH_magisterskie/SDUP/Projekt/SDUP_BWT_transformata/BWT_cordic/BWT_cordic.sdk/BWT_transform/Debug/BWT_transform.elf
configparams force-mem-access 0
----------------End of Script----------------

22:05:47 INFO  : Context for processor 'ps7_cortexa9_0' is selected.
22:05:47 INFO  : 'con' command is executed.
22:05:47 INFO  : ----------------XSDB Script (After Launch)----------------
targets -set -nocase -filter {name =~ "ARM*#0" && jtag_cable_name =~ "Digilent Zed 210248531164"} -index 0
con
----------------End of Script----------------

22:05:47 INFO  : Disconnected from the channel tcfchan#5.
22:08:22 INFO  : Connected to target on host '127.0.0.1' and port '3121'.
22:08:22 INFO  : 'targets -set -filter {jtag_cable_name =~ "Digilent Zed 210248531164" && level==0} -index 1' command is executed.
22:08:24 INFO  : FPGA configured successfully with bitstream "D:/AGH_magisterskie/SDUP/Projekt/SDUP_BWT_transformata/BWT_cordic/BWT_cordic.sdk/design_acc_wrapper_hw_platform_0/design_acc_wrapper.bit"
22:08:29 INFO  : 'targets -set -filter {jtag_cable_name =~ "Digilent Zed 210248531164" && level==0} -index 1' command is executed.
22:08:29 INFO  : 'fpga -state' command is executed.
22:08:29 INFO  : Connected to target on host '127.0.0.1' and port '3121'.
22:08:29 INFO  : Jtag cable 'Digilent Zed 210248531164' is selected.
22:08:29 INFO  : 'jtag frequency' command is executed.
22:08:29 INFO  : Sourcing of 'D:/AGH_magisterskie/SDUP/Projekt/SDUP_BWT_transformata/BWT_cordic/BWT_cordic.sdk/design_acc_wrapper_hw_platform_0/ps7_init.tcl' is done.
22:08:29 INFO  : Context for 'APU' is selected.
22:08:29 INFO  : Hardware design information is loaded from 'D:/AGH_magisterskie/SDUP/Projekt/SDUP_BWT_transformata/BWT_cordic/BWT_cordic.sdk/design_acc_wrapper_hw_platform_0/system.hdf'.
22:08:29 INFO  : 'configparams force-mem-access 1' command is executed.
22:08:29 INFO  : Context for 'APU' is selected.
22:08:29 INFO  : 'stop' command is executed.
22:08:29 INFO  : 'ps7_init' command is executed.
22:08:29 INFO  : 'ps7_post_config' command is executed.
22:08:29 INFO  : Context for processor 'ps7_cortexa9_0' is selected.
22:08:30 INFO  : Processor reset is completed for 'ps7_cortexa9_0'.
22:08:30 INFO  : Context for processor 'ps7_cortexa9_0' is selected.
22:08:30 INFO  : The application 'D:/AGH_magisterskie/SDUP/Projekt/SDUP_BWT_transformata/BWT_cordic/BWT_cordic.sdk/BWT_transform/Debug/BWT_transform.elf' is downloaded to processor 'ps7_cortexa9_0'.
22:08:30 INFO  : 'configparams force-mem-access 0' command is executed.
22:08:30 INFO  : ----------------XSDB Script----------------
connect -url tcp:127.0.0.1:3121
source D:/AGH_magisterskie/SDUP/Projekt/SDUP_BWT_transformata/BWT_cordic/BWT_cordic.sdk/design_acc_wrapper_hw_platform_0/ps7_init.tcl
targets -set -nocase -filter {name =~"APU*" && jtag_cable_name =~ "Digilent Zed 210248531164"} -index 0
loadhw -hw D:/AGH_magisterskie/SDUP/Projekt/SDUP_BWT_transformata/BWT_cordic/BWT_cordic.sdk/design_acc_wrapper_hw_platform_0/system.hdf -mem-ranges [list {0x40000000 0xbfffffff}]
configparams force-mem-access 1
targets -set -nocase -filter {name =~"APU*" && jtag_cable_name =~ "Digilent Zed 210248531164"} -index 0
stop
ps7_init
ps7_post_config
targets -set -nocase -filter {name =~ "ARM*#0" && jtag_cable_name =~ "Digilent Zed 210248531164"} -index 0
rst -processor
targets -set -nocase -filter {name =~ "ARM*#0" && jtag_cable_name =~ "Digilent Zed 210248531164"} -index 0
dow D:/AGH_magisterskie/SDUP/Projekt/SDUP_BWT_transformata/BWT_cordic/BWT_cordic.sdk/BWT_transform/Debug/BWT_transform.elf
configparams force-mem-access 0
----------------End of Script----------------

22:08:30 INFO  : Context for processor 'ps7_cortexa9_0' is selected.
22:08:30 INFO  : 'con' command is executed.
22:08:30 INFO  : ----------------XSDB Script (After Launch)----------------
targets -set -nocase -filter {name =~ "ARM*#0" && jtag_cable_name =~ "Digilent Zed 210248531164"} -index 0
con
----------------End of Script----------------

22:08:30 INFO  : Disconnected from the channel tcfchan#6.
22:09:57 INFO  : 'targets -set -filter {jtag_cable_name =~ "Digilent Zed 210248531164" && level==0} -index 1' command is executed.
22:09:57 INFO  : 'fpga -state' command is executed.
22:09:57 INFO  : Connected to target on host '127.0.0.1' and port '3121'.
22:09:57 INFO  : Jtag cable 'Digilent Zed 210248531164' is selected.
22:09:57 INFO  : 'jtag frequency' command is executed.
22:09:57 INFO  : Sourcing of 'D:/AGH_magisterskie/SDUP/Projekt/SDUP_BWT_transformata/BWT_cordic/BWT_cordic.sdk/design_acc_wrapper_hw_platform_0/ps7_init.tcl' is done.
22:09:57 INFO  : Context for 'APU' is selected.
22:09:58 INFO  : Hardware design information is loaded from 'D:/AGH_magisterskie/SDUP/Projekt/SDUP_BWT_transformata/BWT_cordic/BWT_cordic.sdk/design_acc_wrapper_hw_platform_0/system.hdf'.
22:09:58 INFO  : 'configparams force-mem-access 1' command is executed.
22:09:58 INFO  : Context for 'APU' is selected.
22:09:58 INFO  : 'stop' command is executed.
22:09:59 INFO  : 'ps7_init' command is executed.
22:09:59 INFO  : 'ps7_post_config' command is executed.
22:09:59 INFO  : Context for processor 'ps7_cortexa9_0' is selected.
22:09:59 INFO  : Processor reset is completed for 'ps7_cortexa9_0'.
22:09:59 INFO  : Context for processor 'ps7_cortexa9_0' is selected.
22:09:59 INFO  : The application 'D:/AGH_magisterskie/SDUP/Projekt/SDUP_BWT_transformata/BWT_cordic/BWT_cordic.sdk/BWT_transform/Debug/BWT_transform.elf' is downloaded to processor 'ps7_cortexa9_0'.
22:09:59 INFO  : 'configparams force-mem-access 0' command is executed.
22:09:59 INFO  : ----------------XSDB Script----------------
connect -url tcp:127.0.0.1:3121
source D:/AGH_magisterskie/SDUP/Projekt/SDUP_BWT_transformata/BWT_cordic/BWT_cordic.sdk/design_acc_wrapper_hw_platform_0/ps7_init.tcl
targets -set -nocase -filter {name =~"APU*" && jtag_cable_name =~ "Digilent Zed 210248531164"} -index 0
loadhw -hw D:/AGH_magisterskie/SDUP/Projekt/SDUP_BWT_transformata/BWT_cordic/BWT_cordic.sdk/design_acc_wrapper_hw_platform_0/system.hdf -mem-ranges [list {0x40000000 0xbfffffff}]
configparams force-mem-access 1
targets -set -nocase -filter {name =~"APU*" && jtag_cable_name =~ "Digilent Zed 210248531164"} -index 0
stop
ps7_init
ps7_post_config
targets -set -nocase -filter {name =~ "ARM*#0" && jtag_cable_name =~ "Digilent Zed 210248531164"} -index 0
rst -processor
targets -set -nocase -filter {name =~ "ARM*#0" && jtag_cable_name =~ "Digilent Zed 210248531164"} -index 0
dow D:/AGH_magisterskie/SDUP/Projekt/SDUP_BWT_transformata/BWT_cordic/BWT_cordic.sdk/BWT_transform/Debug/BWT_transform.elf
configparams force-mem-access 0
----------------End of Script----------------

22:09:59 INFO  : Memory regions updated for context APU
22:09:59 INFO  : Context for processor 'ps7_cortexa9_0' is selected.
22:09:59 INFO  : 'con' command is executed.
22:09:59 INFO  : ----------------XSDB Script (After Launch)----------------
targets -set -nocase -filter {name =~ "ARM*#0" && jtag_cable_name =~ "Digilent Zed 210248531164"} -index 0
con
----------------End of Script----------------

22:09:59 INFO  : Launch script is exported to file 'D:\AGH_magisterskie\SDUP\Projekt\SDUP_BWT_transformata\BWT_cordic\BWT_cordic.sdk\.sdk\launch_scripts\xilinx_c-c++_application_(system_debugger)\system_debugger_using_debug_bwt_transform.elf_on_local.tcl'
22:16:33 INFO  : Connected to target on host '127.0.0.1' and port '3121'.
22:16:33 INFO  : 'targets -set -filter {jtag_cable_name =~ "Digilent Zed 210248531164" && level==0} -index 1' command is executed.
22:16:35 INFO  : FPGA configured successfully with bitstream "D:/AGH_magisterskie/SDUP/Projekt/SDUP_BWT_transformata/BWT_cordic/BWT_cordic.sdk/design_acc_wrapper_hw_platform_0/design_acc_wrapper.bit"
22:16:42 INFO  : Disconnected from the channel tcfchan#7.
22:16:43 INFO  : 'targets -set -filter {jtag_cable_name =~ "Digilent Zed 210248531164" && level==0} -index 1' command is executed.
22:16:43 INFO  : 'fpga -state' command is executed.
22:16:43 INFO  : Connected to target on host '127.0.0.1' and port '3121'.
22:16:43 INFO  : Jtag cable 'Digilent Zed 210248531164' is selected.
22:16:43 INFO  : 'jtag frequency' command is executed.
22:16:43 INFO  : Sourcing of 'D:/AGH_magisterskie/SDUP/Projekt/SDUP_BWT_transformata/BWT_cordic/BWT_cordic.sdk/design_acc_wrapper_hw_platform_0/ps7_init.tcl' is done.
22:16:43 INFO  : Context for 'APU' is selected.
22:16:45 INFO  : Hardware design information is loaded from 'D:/AGH_magisterskie/SDUP/Projekt/SDUP_BWT_transformata/BWT_cordic/BWT_cordic.sdk/design_acc_wrapper_hw_platform_0/system.hdf'.
22:16:45 INFO  : 'configparams force-mem-access 1' command is executed.
22:16:45 INFO  : Context for 'APU' is selected.
22:16:45 INFO  : 'stop' command is executed.
22:16:45 INFO  : 'ps7_init' command is executed.
22:16:45 INFO  : 'ps7_post_config' command is executed.
22:16:45 INFO  : Context for processor 'ps7_cortexa9_0' is selected.
22:16:45 INFO  : Processor reset is completed for 'ps7_cortexa9_0'.
22:16:45 INFO  : Context for processor 'ps7_cortexa9_0' is selected.
22:16:45 INFO  : The application 'D:/AGH_magisterskie/SDUP/Projekt/SDUP_BWT_transformata/BWT_cordic/BWT_cordic.sdk/BWT_transform/Debug/BWT_transform.elf' is downloaded to processor 'ps7_cortexa9_0'.
22:16:45 INFO  : 'configparams force-mem-access 0' command is executed.
22:16:45 INFO  : ----------------XSDB Script----------------
connect -url tcp:127.0.0.1:3121
source D:/AGH_magisterskie/SDUP/Projekt/SDUP_BWT_transformata/BWT_cordic/BWT_cordic.sdk/design_acc_wrapper_hw_platform_0/ps7_init.tcl
targets -set -nocase -filter {name =~"APU*" && jtag_cable_name =~ "Digilent Zed 210248531164"} -index 0
loadhw -hw D:/AGH_magisterskie/SDUP/Projekt/SDUP_BWT_transformata/BWT_cordic/BWT_cordic.sdk/design_acc_wrapper_hw_platform_0/system.hdf -mem-ranges [list {0x40000000 0xbfffffff}]
configparams force-mem-access 1
targets -set -nocase -filter {name =~"APU*" && jtag_cable_name =~ "Digilent Zed 210248531164"} -index 0
stop
ps7_init
ps7_post_config
targets -set -nocase -filter {name =~ "ARM*#0" && jtag_cable_name =~ "Digilent Zed 210248531164"} -index 0
rst -processor
targets -set -nocase -filter {name =~ "ARM*#0" && jtag_cable_name =~ "Digilent Zed 210248531164"} -index 0
dow D:/AGH_magisterskie/SDUP/Projekt/SDUP_BWT_transformata/BWT_cordic/BWT_cordic.sdk/BWT_transform/Debug/BWT_transform.elf
configparams force-mem-access 0
----------------End of Script----------------

22:16:45 INFO  : Memory regions updated for context APU
22:16:45 INFO  : Context for processor 'ps7_cortexa9_0' is selected.
22:16:45 INFO  : 'con' command is executed.
22:16:45 INFO  : ----------------XSDB Script (After Launch)----------------
targets -set -nocase -filter {name =~ "ARM*#0" && jtag_cable_name =~ "Digilent Zed 210248531164"} -index 0
con
----------------End of Script----------------

22:16:45 INFO  : Launch script is exported to file 'D:\AGH_magisterskie\SDUP\Projekt\SDUP_BWT_transformata\BWT_cordic\BWT_cordic.sdk\.sdk\launch_scripts\xilinx_c-c++_application_(system_debugger)\system_debugger_using_debug_bwt_transform.elf_on_local.tcl'
22:21:19 INFO  : Disconnected from the channel tcfchan#8.
22:47:56 INFO  : Registering command handlers for SDK TCF services
22:47:57 INFO  : Launching XSCT server: xsct.bat -interactive D:\AGH_magisterskie\SDUP\Projekt\SDUP_BWT_transformata\BWT_cordic\BWT_cordic.sdk\temp_xsdb_launch_script.tcl
22:47:59 INFO  : XSCT server has started successfully.
22:47:59 INFO  : Successfully done setting XSCT server connection channel  
22:48:01 INFO  : Successfully done setting SDK workspace  
22:48:01 INFO  : Processing command line option -hwspec D:/AGH_magisterskie/SDUP/Projekt/SDUP_BWT_transformata/BWT_cordic/BWT_cordic.sdk/design_acc_wrapper.hdf.
22:48:01 INFO  : Checking for hwspec changes in the project design_acc_wrapper_hw_platform_0.
22:48:04 INFO  : SDK has detected change in the last modified timestamps for source hardware specification file Source:1686775610229,  Project:1686771103564
22:48:04 INFO  : The hardware specification for project 'design_acc_wrapper_hw_platform_0' is different from D:/AGH_magisterskie/SDUP/Projekt/SDUP_BWT_transformata/BWT_cordic/BWT_cordic.sdk/design_acc_wrapper.hdf.
22:48:04 INFO  : Copied contents of D:/AGH_magisterskie/SDUP/Projekt/SDUP_BWT_transformata/BWT_cordic/BWT_cordic.sdk/design_acc_wrapper.hdf into \design_acc_wrapper_hw_platform_0\system.hdf.
22:48:06 INFO  : Synchronizing projects in the workspace with the hardware platform specification changes.
22:48:08 INFO  : 
22:48:09 INFO  : Updating hardware inferred compiler options for BWT_transform.
22:48:09 INFO  : Clearing existing target manager status.
22:48:09 INFO  : Workspace synchronized with the new hardware specification file. Cleaning dependent projects...
22:48:10 WARN  : Linker script will not be updated automatically. Users need to update it manually.
22:49:05 INFO  : Connected to target on host '127.0.0.1' and port '3121'.
22:49:05 INFO  : 'targets -set -filter {jtag_cable_name =~ "Digilent Zed 210248531164" && level==0} -index 1' command is executed.
22:49:08 INFO  : FPGA configured successfully with bitstream "D:/AGH_magisterskie/SDUP/Projekt/SDUP_BWT_transformata/BWT_cordic/BWT_cordic.sdk/design_acc_wrapper_hw_platform_0/design_acc_wrapper.bit"
22:49:21 INFO  : 'targets -set -filter {jtag_cable_name =~ "Digilent Zed 210248531164" && level==0} -index 1' command is executed.
22:49:21 INFO  : 'fpga -state' command is executed.
22:49:21 INFO  : Connected to target on host '127.0.0.1' and port '3121'.
22:49:21 INFO  : Jtag cable 'Digilent Zed 210248531164' is selected.
22:49:21 INFO  : 'jtag frequency' command is executed.
22:49:21 INFO  : Sourcing of 'D:/AGH_magisterskie/SDUP/Projekt/SDUP_BWT_transformata/BWT_cordic/BWT_cordic.sdk/design_acc_wrapper_hw_platform_0/ps7_init.tcl' is done.
22:49:21 INFO  : Context for 'APU' is selected.
22:49:21 INFO  : Hardware design information is loaded from 'D:/AGH_magisterskie/SDUP/Projekt/SDUP_BWT_transformata/BWT_cordic/BWT_cordic.sdk/design_acc_wrapper_hw_platform_0/system.hdf'.
22:49:21 INFO  : 'configparams force-mem-access 1' command is executed.
22:49:21 INFO  : Context for 'APU' is selected.
22:49:21 INFO  : 'stop' command is executed.
22:49:22 INFO  : 'ps7_init' command is executed.
22:49:22 INFO  : 'ps7_post_config' command is executed.
22:49:22 INFO  : Context for processor 'ps7_cortexa9_0' is selected.
22:49:22 INFO  : Processor reset is completed for 'ps7_cortexa9_0'.
22:49:22 INFO  : Context for processor 'ps7_cortexa9_0' is selected.
22:49:22 INFO  : The application 'D:/AGH_magisterskie/SDUP/Projekt/SDUP_BWT_transformata/BWT_cordic/BWT_cordic.sdk/BWT_transform/Debug/BWT_transform.elf' is downloaded to processor 'ps7_cortexa9_0'.
22:49:22 INFO  : 'configparams force-mem-access 0' command is executed.
22:49:22 INFO  : ----------------XSDB Script----------------
connect -url tcp:127.0.0.1:3121
source D:/AGH_magisterskie/SDUP/Projekt/SDUP_BWT_transformata/BWT_cordic/BWT_cordic.sdk/design_acc_wrapper_hw_platform_0/ps7_init.tcl
targets -set -nocase -filter {name =~"APU*" && jtag_cable_name =~ "Digilent Zed 210248531164"} -index 0
loadhw -hw D:/AGH_magisterskie/SDUP/Projekt/SDUP_BWT_transformata/BWT_cordic/BWT_cordic.sdk/design_acc_wrapper_hw_platform_0/system.hdf -mem-ranges [list {0x40000000 0xbfffffff}]
configparams force-mem-access 1
targets -set -nocase -filter {name =~"APU*" && jtag_cable_name =~ "Digilent Zed 210248531164"} -index 0
stop
ps7_init
ps7_post_config
targets -set -nocase -filter {name =~ "ARM*#0" && jtag_cable_name =~ "Digilent Zed 210248531164"} -index 0
rst -processor
targets -set -nocase -filter {name =~ "ARM*#0" && jtag_cable_name =~ "Digilent Zed 210248531164"} -index 0
dow D:/AGH_magisterskie/SDUP/Projekt/SDUP_BWT_transformata/BWT_cordic/BWT_cordic.sdk/BWT_transform/Debug/BWT_transform.elf
configparams force-mem-access 0
----------------End of Script----------------

22:49:22 INFO  : Context for processor 'ps7_cortexa9_0' is selected.
22:49:22 INFO  : 'con' command is executed.
22:49:22 INFO  : ----------------XSDB Script (After Launch)----------------
targets -set -nocase -filter {name =~ "ARM*#0" && jtag_cable_name =~ "Digilent Zed 210248531164"} -index 0
con
----------------End of Script----------------

22:49:22 INFO  : Disconnected from the channel tcfchan#1.
22:51:56 INFO  : Connected to target on host '127.0.0.1' and port '3121'.
22:51:56 INFO  : 'targets -set -filter {jtag_cable_name =~ "Digilent Zed 210248531164" && level==0} -index 1' command is executed.
22:51:58 INFO  : FPGA configured successfully with bitstream "D:/AGH_magisterskie/SDUP/Projekt/SDUP_BWT_transformata/BWT_cordic/BWT_cordic.sdk/design_acc_wrapper_hw_platform_0/design_acc_wrapper.bit"
22:52:03 INFO  : 'targets -set -filter {jtag_cable_name =~ "Digilent Zed 210248531164" && level==0} -index 1' command is executed.
22:52:03 INFO  : 'fpga -state' command is executed.
22:52:03 INFO  : Connected to target on host '127.0.0.1' and port '3121'.
22:52:03 INFO  : Jtag cable 'Digilent Zed 210248531164' is selected.
22:52:03 INFO  : 'jtag frequency' command is executed.
22:52:03 INFO  : Sourcing of 'D:/AGH_magisterskie/SDUP/Projekt/SDUP_BWT_transformata/BWT_cordic/BWT_cordic.sdk/design_acc_wrapper_hw_platform_0/ps7_init.tcl' is done.
22:52:03 INFO  : Context for 'APU' is selected.
22:52:04 INFO  : Hardware design information is loaded from 'D:/AGH_magisterskie/SDUP/Projekt/SDUP_BWT_transformata/BWT_cordic/BWT_cordic.sdk/design_acc_wrapper_hw_platform_0/system.hdf'.
22:52:04 INFO  : 'configparams force-mem-access 1' command is executed.
22:52:04 INFO  : Context for 'APU' is selected.
22:52:04 INFO  : 'stop' command is executed.
22:52:04 INFO  : 'ps7_init' command is executed.
22:52:04 INFO  : 'ps7_post_config' command is executed.
22:52:04 INFO  : Context for processor 'ps7_cortexa9_0' is selected.
22:52:04 INFO  : Processor reset is completed for 'ps7_cortexa9_0'.
22:52:04 INFO  : Context for processor 'ps7_cortexa9_0' is selected.
22:52:04 INFO  : The application 'D:/AGH_magisterskie/SDUP/Projekt/SDUP_BWT_transformata/BWT_cordic/BWT_cordic.sdk/BWT_transform/Debug/BWT_transform.elf' is downloaded to processor 'ps7_cortexa9_0'.
22:52:04 INFO  : 'configparams force-mem-access 0' command is executed.
22:52:04 INFO  : ----------------XSDB Script----------------
connect -url tcp:127.0.0.1:3121
source D:/AGH_magisterskie/SDUP/Projekt/SDUP_BWT_transformata/BWT_cordic/BWT_cordic.sdk/design_acc_wrapper_hw_platform_0/ps7_init.tcl
targets -set -nocase -filter {name =~"APU*" && jtag_cable_name =~ "Digilent Zed 210248531164"} -index 0
loadhw -hw D:/AGH_magisterskie/SDUP/Projekt/SDUP_BWT_transformata/BWT_cordic/BWT_cordic.sdk/design_acc_wrapper_hw_platform_0/system.hdf -mem-ranges [list {0x40000000 0xbfffffff}]
configparams force-mem-access 1
targets -set -nocase -filter {name =~"APU*" && jtag_cable_name =~ "Digilent Zed 210248531164"} -index 0
stop
ps7_init
ps7_post_config
targets -set -nocase -filter {name =~ "ARM*#0" && jtag_cable_name =~ "Digilent Zed 210248531164"} -index 0
rst -processor
targets -set -nocase -filter {name =~ "ARM*#0" && jtag_cable_name =~ "Digilent Zed 210248531164"} -index 0
dow D:/AGH_magisterskie/SDUP/Projekt/SDUP_BWT_transformata/BWT_cordic/BWT_cordic.sdk/BWT_transform/Debug/BWT_transform.elf
configparams force-mem-access 0
----------------End of Script----------------

22:52:04 INFO  : Memory regions updated for context APU
22:52:04 INFO  : Context for processor 'ps7_cortexa9_0' is selected.
22:52:04 INFO  : 'con' command is executed.
22:52:04 INFO  : ----------------XSDB Script (After Launch)----------------
targets -set -nocase -filter {name =~ "ARM*#0" && jtag_cable_name =~ "Digilent Zed 210248531164"} -index 0
con
----------------End of Script----------------

22:52:04 INFO  : Launch script is exported to file 'D:\AGH_magisterskie\SDUP\Projekt\SDUP_BWT_transformata\BWT_cordic\BWT_cordic.sdk\.sdk\launch_scripts\xilinx_c-c++_application_(system_debugger)\system_debugger_using_debug_bwt_transform.elf_on_local.tcl'
23:50:51 INFO  : Disconnected from the channel tcfchan#2.
23:50:52 INFO  : 'targets -set -filter {jtag_cable_name =~ "Digilent Zed 210248531164" && level==0} -index 1' command is executed.
23:50:52 INFO  : 'fpga -state' command is executed.
23:50:52 INFO  : Connected to target on host '127.0.0.1' and port '3121'.
23:50:52 INFO  : Jtag cable 'Digilent Zed 210248531164' is selected.
23:50:52 INFO  : 'jtag frequency' command is executed.
23:50:52 INFO  : Sourcing of 'D:/AGH_magisterskie/SDUP/Projekt/SDUP_BWT_transformata/BWT_cordic/BWT_cordic.sdk/design_acc_wrapper_hw_platform_0/ps7_init.tcl' is done.
23:50:52 INFO  : Context for 'APU' is selected.
23:50:52 INFO  : Hardware design information is loaded from 'D:/AGH_magisterskie/SDUP/Projekt/SDUP_BWT_transformata/BWT_cordic/BWT_cordic.sdk/design_acc_wrapper_hw_platform_0/system.hdf'.
23:50:52 INFO  : 'configparams force-mem-access 1' command is executed.
23:50:52 INFO  : Context for 'APU' is selected.
23:50:52 INFO  : 'stop' command is executed.
23:50:52 INFO  : 'ps7_init' command is executed.
23:50:52 INFO  : 'ps7_post_config' command is executed.
23:50:52 INFO  : Context for processor 'ps7_cortexa9_0' is selected.
23:50:53 INFO  : Processor reset is completed for 'ps7_cortexa9_0'.
23:50:53 INFO  : Context for processor 'ps7_cortexa9_0' is selected.
23:50:53 INFO  : The application 'D:/AGH_magisterskie/SDUP/Projekt/SDUP_BWT_transformata/BWT_cordic/BWT_cordic.sdk/BWT_transform/Debug/BWT_transform.elf' is downloaded to processor 'ps7_cortexa9_0'.
23:50:53 INFO  : 'configparams force-mem-access 0' command is executed.
23:50:53 INFO  : ----------------XSDB Script----------------
connect -url tcp:127.0.0.1:3121
source D:/AGH_magisterskie/SDUP/Projekt/SDUP_BWT_transformata/BWT_cordic/BWT_cordic.sdk/design_acc_wrapper_hw_platform_0/ps7_init.tcl
targets -set -nocase -filter {name =~"APU*" && jtag_cable_name =~ "Digilent Zed 210248531164"} -index 0
loadhw -hw D:/AGH_magisterskie/SDUP/Projekt/SDUP_BWT_transformata/BWT_cordic/BWT_cordic.sdk/design_acc_wrapper_hw_platform_0/system.hdf -mem-ranges [list {0x40000000 0xbfffffff}]
configparams force-mem-access 1
targets -set -nocase -filter {name =~"APU*" && jtag_cable_name =~ "Digilent Zed 210248531164"} -index 0
stop
ps7_init
ps7_post_config
targets -set -nocase -filter {name =~ "ARM*#0" && jtag_cable_name =~ "Digilent Zed 210248531164"} -index 0
rst -processor
targets -set -nocase -filter {name =~ "ARM*#0" && jtag_cable_name =~ "Digilent Zed 210248531164"} -index 0
dow D:/AGH_magisterskie/SDUP/Projekt/SDUP_BWT_transformata/BWT_cordic/BWT_cordic.sdk/BWT_transform/Debug/BWT_transform.elf
configparams force-mem-access 0
----------------End of Script----------------

23:50:53 INFO  : Memory regions updated for context APU
23:50:53 INFO  : Context for processor 'ps7_cortexa9_0' is selected.
23:50:53 INFO  : 'con' command is executed.
23:50:53 INFO  : ----------------XSDB Script (After Launch)----------------
targets -set -nocase -filter {name =~ "ARM*#0" && jtag_cable_name =~ "Digilent Zed 210248531164"} -index 0
con
----------------End of Script----------------

23:50:53 INFO  : Launch script is exported to file 'D:\AGH_magisterskie\SDUP\Projekt\SDUP_BWT_transformata\BWT_cordic\BWT_cordic.sdk\.sdk\launch_scripts\xilinx_c-c++_application_(system_debugger)\system_debugger_using_debug_bwt_transform.elf_on_local.tcl'
02:04:24 INFO  : Disconnected from the channel tcfchan#3.
