Copyright 1986-2018 Xilinx, Inc. All Rights Reserved.
------------------------------------------------------------------------------------
| Tool Version : Vivado v.2018.3 (win64) Build 2405991 Thu Dec  6 23:38:27 MST 2018
| Date         : Thu Jun 15 10:12:29 2023
| Host         : fraczpa_pc running 64-bit major release  (build 9200)
| Command      : upgrade_ip
| Device       : xc7z020clg484-1
------------------------------------------------------------------------------------

Upgrade Log for IP 'design_acc_cordic_ip_0_1'

1. Summary
----------

SUCCESS in the upgrade of design_acc_cordic_ip_0_1 (xilinx.com:user:cordic_ip:1.0) from (Rev. 30) to (Rev. 31)






Copyright 1986-2018 Xilinx, Inc. All Rights Reserved.
------------------------------------------------------------------------------------
| Tool Version : Vivado v.2018.3 (win64) Build 2405991 Thu Dec  6 23:38:27 MST 2018
| Date         : Thu Jun 15 09:31:52 2023
| Host         : fraczpa_pc running 64-bit major release  (build 9200)
| Command      : upgrade_ip
| Device       : xc7z020clg484-1
------------------------------------------------------------------------------------

Upgrade Log for IP 'design_acc_cordic_ip_0_1'

1. Summary
----------

SUCCESS in the upgrade of design_acc_cordic_ip_0_1 (xilinx.com:user:cordic_ip:1.0) from (Rev. 29) to (Rev. 30)






Copyright 1986-2018 Xilinx, Inc. All Rights Reserved.
------------------------------------------------------------------------------------
| Tool Version : Vivado v.2018.3 (win64) Build 2405991 Thu Dec  6 23:38:27 MST 2018
| Date         : Thu Jun 15 09:26:20 2023
| Host         : fraczpa_pc running 64-bit major release  (build 9200)
| Command      : upgrade_ip
| Device       : xc7z020clg484-1
------------------------------------------------------------------------------------

Upgrade Log for IP 'design_acc_cordic_ip_0_1'

1. Summary
----------

SUCCESS in the upgrade of design_acc_cordic_ip_0_1 (xilinx.com:user:cordic_ip:1.0) from (Rev. 28) to (Rev. 29)






Copyright 1986-2018 Xilinx, Inc. All Rights Reserved.
------------------------------------------------------------------------------------
| Tool Version : Vivado v.2018.3 (win64) Build 2405991 Thu Dec  6 23:38:27 MST 2018
| Date         : Thu Jun 15 09:16:22 2023
| Host         : fraczpa_pc running 64-bit major release  (build 9200)
| Command      : upgrade_ip
| Device       : xc7z020clg484-1
------------------------------------------------------------------------------------

Upgrade Log for IP 'design_acc_cordic_ip_0_1'

1. Summary
----------

SUCCESS in the upgrade of design_acc_cordic_ip_0_1 (xilinx.com:user:cordic_ip:1.0) from (Rev. 27) to (Rev. 28)






Copyright 1986-2018 Xilinx, Inc. All Rights Reserved.
------------------------------------------------------------------------------------
| Tool Version : Vivado v.2018.3 (win64) Build 2405991 Thu Dec  6 23:38:27 MST 2018
| Date         : Thu Jun 15 08:55:21 2023
| Host         : fraczpa_pc running 64-bit major release  (build 9200)
| Command      : upgrade_ip
| Device       : xc7z020clg484-1
------------------------------------------------------------------------------------

Upgrade Log for IP 'design_acc_cordic_ip_0_1'

1. Summary
----------

SUCCESS in the upgrade of design_acc_cordic_ip_0_1 (xilinx.com:user:cordic_ip:1.0) from (Rev. 26) to (Rev. 27)






Copyright 1986-2018 Xilinx, Inc. All Rights Reserved.
------------------------------------------------------------------------------------
| Tool Version : Vivado v.2018.3 (win64) Build 2405991 Thu Dec  6 23:38:27 MST 2018
| Date         : Thu Jun 15 08:52:32 2023
| Host         : fraczpa_pc running 64-bit major release  (build 9200)
| Command      : upgrade_ip
| Device       : xc7z020clg484-1
------------------------------------------------------------------------------------

Upgrade Log for IP 'design_acc_cordic_ip_0_1'

1. Summary
----------

SUCCESS in the upgrade of design_acc_cordic_ip_0_1 (xilinx.com:user:cordic_ip:1.0) from (Rev. 24) to (Rev. 26)






Copyright 1986-2018 Xilinx, Inc. All Rights Reserved.
------------------------------------------------------------------------------------
| Tool Version : Vivado v.2018.3 (win64) Build 2405991 Thu Dec  6 23:38:27 MST 2018
| Date         : Thu Jun 15 08:40:01 2023
| Host         : fraczpa_pc running 64-bit major release  (build 9200)
| Command      : upgrade_ip
| Device       : xc7z020clg484-1
------------------------------------------------------------------------------------

Upgrade Log for IP 'design_acc_cordic_ip_0_1'

1. Summary
----------

SUCCESS in the upgrade of design_acc_cordic_ip_0_1 (xilinx.com:user:cordic_ip:1.0) from (Rev. 23) to (Rev. 24)






Copyright 1986-2018 Xilinx, Inc. All Rights Reserved.
------------------------------------------------------------------------------------
| Tool Version : Vivado v.2018.3 (win64) Build 2405991 Thu Dec  6 23:38:27 MST 2018
| Date         : Thu Jun 15 08:27:47 2023
| Host         : fraczpa_pc running 64-bit major release  (build 9200)
| Command      : upgrade_ip
| Device       : xc7z020clg484-1
------------------------------------------------------------------------------------

Upgrade Log for IP 'design_acc_cordic_ip_0_1'

1. Summary
----------

SUCCESS in the upgrade of design_acc_cordic_ip_0_1 (xilinx.com:user:cordic_ip:1.0) from (Rev. 22) to (Rev. 23)






Copyright 1986-2018 Xilinx, Inc. All Rights Reserved.
------------------------------------------------------------------------------------
| Tool Version : Vivado v.2018.3 (win64) Build 2405991 Thu Dec  6 23:38:27 MST 2018
| Date         : Thu Jun 15 08:23:54 2023
| Host         : fraczpa_pc running 64-bit major release  (build 9200)
| Command      : upgrade_ip
| Device       : xc7z020clg484-1
------------------------------------------------------------------------------------

Upgrade Log for IP 'design_acc_cordic_ip_0_1'

1. Summary
----------

SUCCESS in the upgrade of design_acc_cordic_ip_0_1 (xilinx.com:user:cordic_ip:1.0) from (Rev. 21) to (Rev. 22)






Copyright 1986-2018 Xilinx, Inc. All Rights Reserved.
------------------------------------------------------------------------------------
| Tool Version : Vivado v.2018.3 (win64) Build 2405991 Thu Dec  6 23:38:27 MST 2018
| Date         : Thu Jun 15 07:06:29 2023
| Host         : fraczpa_pc running 64-bit major release  (build 9200)
| Command      : upgrade_ip
| Device       : xc7z020clg484-1
------------------------------------------------------------------------------------

Upgrade Log for IP 'design_acc_cordic_ip_0_1'

1. Summary
----------

SUCCESS in the upgrade of design_acc_cordic_ip_0_1 (xilinx.com:user:cordic_ip:1.0) from (Rev. 20) to (Rev. 21)






Copyright 1986-2018 Xilinx, Inc. All Rights Reserved.
------------------------------------------------------------------------------------
| Tool Version : Vivado v.2018.3 (win64) Build 2405991 Thu Dec  6 23:38:27 MST 2018
| Date         : Thu Jun 15 06:11:07 2023
| Host         : fraczpa_pc running 64-bit major release  (build 9200)
| Command      : upgrade_ip
| Device       : xc7z020clg484-1
------------------------------------------------------------------------------------

Upgrade Log for IP 'design_acc_cordic_ip_0_1'

1. Summary
----------

SUCCESS in the upgrade of design_acc_cordic_ip_0_1 (xilinx.com:user:cordic_ip:1.0) from (Rev. 19) to (Rev. 20)






Copyright 1986-2018 Xilinx, Inc. All Rights Reserved.
------------------------------------------------------------------------------------
| Tool Version : Vivado v.2018.3 (win64) Build 2405991 Thu Dec  6 23:38:27 MST 2018
| Date         : Thu Jun 15 06:07:49 2023
| Host         : fraczpa_pc running 64-bit major release  (build 9200)
| Command      : upgrade_ip
| Device       : xc7z020clg484-1
------------------------------------------------------------------------------------

Upgrade Log for IP 'design_acc_cordic_ip_0_1'

1. Summary
----------

SUCCESS in the upgrade of design_acc_cordic_ip_0_1 (xilinx.com:user:cordic_ip:1.0) from (Rev. 18) to (Rev. 19)






Copyright 1986-2018 Xilinx, Inc. All Rights Reserved.
------------------------------------------------------------------------------------
| Tool Version : Vivado v.2018.3 (win64) Build 2405991 Thu Dec  6 23:38:27 MST 2018
| Date         : Thu Jun 15 06:03:53 2023
| Host         : fraczpa_pc running 64-bit major release  (build 9200)
| Command      : upgrade_ip
| Device       : xc7z020clg484-1
------------------------------------------------------------------------------------

Upgrade Log for IP 'design_acc_cordic_ip_0_1'

1. Summary
----------

SUCCESS in the upgrade of design_acc_cordic_ip_0_1 (xilinx.com:user:cordic_ip:1.0) from (Rev. 17) to (Rev. 18)






Copyright 1986-2018 Xilinx, Inc. All Rights Reserved.
------------------------------------------------------------------------------------
| Tool Version : Vivado v.2018.3 (win64) Build 2405991 Thu Dec  6 23:38:27 MST 2018
| Date         : Thu Jun 15 06:01:25 2023
| Host         : fraczpa_pc running 64-bit major release  (build 9200)
| Command      : upgrade_ip
| Device       : xc7z020clg484-1
------------------------------------------------------------------------------------

Upgrade Log for IP 'design_acc_cordic_ip_0_1'

1. Summary
----------

SUCCESS in the upgrade of design_acc_cordic_ip_0_1 (xilinx.com:user:cordic_ip:1.0) from (Rev. 16) to (Rev. 17)






Copyright 1986-2018 Xilinx, Inc. All Rights Reserved.
------------------------------------------------------------------------------------
| Tool Version : Vivado v.2018.3 (win64) Build 2405991 Thu Dec  6 23:38:27 MST 2018
| Date         : Thu Jun 15 05:54:51 2023
| Host         : fraczpa_pc running 64-bit major release  (build 9200)
| Command      : upgrade_ip
| Device       : xc7z020clg484-1
------------------------------------------------------------------------------------

Upgrade Log for IP 'design_acc_cordic_ip_0_1'

1. Summary
----------

SUCCESS in the upgrade of design_acc_cordic_ip_0_1 (xilinx.com:user:cordic_ip:1.0) from (Rev. 15) to (Rev. 16)






Copyright 1986-2018 Xilinx, Inc. All Rights Reserved.
------------------------------------------------------------------------------------
| Tool Version : Vivado v.2018.3 (win64) Build 2405991 Thu Dec  6 23:38:27 MST 2018
| Date         : Thu Jun 15 05:51:31 2023
| Host         : fraczpa_pc running 64-bit major release  (build 9200)
| Command      : upgrade_ip
| Device       : xc7z020clg484-1
------------------------------------------------------------------------------------

Upgrade Log for IP 'design_acc_cordic_ip_0_1'

1. Summary
----------

SUCCESS in the upgrade of design_acc_cordic_ip_0_1 (xilinx.com:user:cordic_ip:1.0) from (Rev. 14) to (Rev. 15)






Copyright 1986-2018 Xilinx, Inc. All Rights Reserved.
------------------------------------------------------------------------------------
| Tool Version : Vivado v.2018.3 (win64) Build 2405991 Thu Dec  6 23:38:27 MST 2018
| Date         : Thu Jun 15 05:49:19 2023
| Host         : fraczpa_pc running 64-bit major release  (build 9200)
| Command      : upgrade_ip
| Device       : xc7z020clg484-1
------------------------------------------------------------------------------------

Upgrade Log for IP 'design_acc_cordic_ip_0_1'

1. Summary
----------

SUCCESS in the upgrade of design_acc_cordic_ip_0_1 (xilinx.com:user:cordic_ip:1.0) from (Rev. 13) to (Rev. 14)






Copyright 1986-2018 Xilinx, Inc. All Rights Reserved.
------------------------------------------------------------------------------------
| Tool Version : Vivado v.2018.3 (win64) Build 2405991 Thu Dec  6 23:38:27 MST 2018
| Date         : Thu Jun 15 05:46:58 2023
| Host         : fraczpa_pc running 64-bit major release  (build 9200)
| Command      : upgrade_ip
| Device       : xc7z020clg484-1
------------------------------------------------------------------------------------

Upgrade Log for IP 'design_acc_cordic_ip_0_1'

1. Summary
----------

SUCCESS in the upgrade of design_acc_cordic_ip_0_1 (xilinx.com:user:cordic_ip:1.0) from (Rev. 12) to (Rev. 13)






Copyright 1986-2018 Xilinx, Inc. All Rights Reserved.
------------------------------------------------------------------------------------
| Tool Version : Vivado v.2018.3 (win64) Build 2405991 Thu Dec  6 23:38:27 MST 2018
| Date         : Thu Jun 15 05:23:00 2023
| Host         : fraczpa_pc running 64-bit major release  (build 9200)
| Command      : upgrade_ip
| Device       : xc7z020clg484-1
------------------------------------------------------------------------------------

Upgrade Log for IP 'design_acc_cordic_ip_0_1'

1. Summary
----------

SUCCESS in the upgrade of design_acc_cordic_ip_0_1 (xilinx.com:user:cordic_ip:1.0) from (Rev. 11) to (Rev. 12)






Copyright 1986-2018 Xilinx, Inc. All Rights Reserved.
------------------------------------------------------------------------------------
| Tool Version : Vivado v.2018.3 (win64) Build 2405991 Thu Dec  6 23:38:27 MST 2018
| Date         : Thu Jun 15 04:59:35 2023
| Host         : fraczpa_pc running 64-bit major release  (build 9200)
| Command      : upgrade_ip
| Device       : xc7z020clg484-1
------------------------------------------------------------------------------------

Upgrade Log for IP 'design_acc_cordic_ip_0_1'

1. Summary
----------

SUCCESS in the upgrade of design_acc_cordic_ip_0_1 (xilinx.com:user:cordic_ip:1.0) from (Rev. 10) to (Rev. 11)






Copyright 1986-2018 Xilinx, Inc. All Rights Reserved.
------------------------------------------------------------------------------------
| Tool Version : Vivado v.2018.3 (win64) Build 2405991 Thu Dec  6 23:38:27 MST 2018
| Date         : Thu Jun 15 04:51:16 2023
| Host         : fraczpa_pc running 64-bit major release  (build 9200)
| Command      : upgrade_ip
| Device       : xc7z020clg484-1
------------------------------------------------------------------------------------

Upgrade Log for IP 'design_acc_cordic_ip_0_1'

1. Summary
----------

SUCCESS in the upgrade of design_acc_cordic_ip_0_1 (xilinx.com:user:cordic_ip:1.0) from (Rev. 9) to (Rev. 10)






Copyright 1986-2018 Xilinx, Inc. All Rights Reserved.
------------------------------------------------------------------------------------
| Tool Version : Vivado v.2018.3 (win64) Build 2405991 Thu Dec  6 23:38:27 MST 2018
| Date         : Thu Jun 15 04:29:02 2023
| Host         : fraczpa_pc running 64-bit major release  (build 9200)
| Command      : upgrade_ip
| Device       : xc7z020clg484-1
------------------------------------------------------------------------------------

Upgrade Log for IP 'design_acc_cordic_ip_0_1'

1. Summary
----------

SUCCESS in the upgrade of design_acc_cordic_ip_0_1 (xilinx.com:user:cordic_ip:1.0) from (Rev. 8) to (Rev. 9)






Copyright 1986-2018 Xilinx, Inc. All Rights Reserved.
------------------------------------------------------------------------------------
| Tool Version : Vivado v.2018.3 (win64) Build 2405991 Thu Dec  6 23:38:27 MST 2018
| Date         : Thu Jun 15 03:53:25 2023
| Host         : fraczpa_pc running 64-bit major release  (build 9200)
| Command      : upgrade_ip
| Device       : xc7z020clg484-1
------------------------------------------------------------------------------------

Upgrade Log for IP 'design_acc_cordic_ip_0_1'

1. Summary
----------

SUCCESS in the upgrade of design_acc_cordic_ip_0_1 (xilinx.com:user:cordic_ip:1.0) from (Rev. 7) to (Rev. 8)






Copyright 1986-2018 Xilinx, Inc. All Rights Reserved.
------------------------------------------------------------------------------------
| Tool Version : Vivado v.2018.3 (win64) Build 2405991 Thu Dec  6 23:38:27 MST 2018
| Date         : Thu Jun 15 02:18:12 2023
| Host         : fraczpa_pc running 64-bit major release  (build 9200)
| Command      : upgrade_ip
| Device       : xc7z020clg484-1
------------------------------------------------------------------------------------

Upgrade Log for IP 'design_acc_cordic_ip_0_1'

1. Summary
----------

SUCCESS in the upgrade of design_acc_cordic_ip_0_1 (xilinx.com:user:cordic_ip:1.0) from (Rev. 6) to (Rev. 7)






Copyright 1986-2018 Xilinx, Inc. All Rights Reserved.
------------------------------------------------------------------------------------
| Tool Version : Vivado v.2018.3 (win64) Build 2405991 Thu Dec  6 23:38:27 MST 2018
| Date         : Thu Jun 15 02:14:28 2023
| Host         : fraczpa_pc running 64-bit major release  (build 9200)
| Command      : upgrade_ip
| Device       : xc7z020clg484-1
------------------------------------------------------------------------------------

Upgrade Log for IP 'design_acc_cordic_ip_0_1'

1. Summary
----------

SUCCESS in the upgrade of design_acc_cordic_ip_0_1 (xilinx.com:user:cordic_ip:1.0) from (Rev. 5) to (Rev. 6)






Copyright 1986-2018 Xilinx, Inc. All Rights Reserved.
------------------------------------------------------------------------------------
| Tool Version : Vivado v.2018.3 (win64) Build 2405991 Thu Dec  6 23:38:27 MST 2018
| Date         : Thu Jun 15 02:06:59 2023
| Host         : fraczpa_pc running 64-bit major release  (build 9200)
| Command      : upgrade_ip
| Device       : xc7z020clg484-1
------------------------------------------------------------------------------------

Upgrade Log for IP 'design_acc_cordic_ip_0_1'

1. Summary
----------

SUCCESS in the upgrade of design_acc_cordic_ip_0_1 (xilinx.com:user:cordic_ip:1.0) from (Rev. 4) to (Rev. 5)






Copyright 1986-2018 Xilinx, Inc. All Rights Reserved.
------------------------------------------------------------------------------------
| Tool Version : Vivado v.2018.3 (win64) Build 2405991 Thu Dec  6 23:38:27 MST 2018
| Date         : Wed Jun 14 22:43:35 2023
| Host         : fraczpa_pc running 64-bit major release  (build 9200)
| Command      : upgrade_ip
| Device       : xc7z020clg484-1
------------------------------------------------------------------------------------

Upgrade Log for IP 'design_acc_cordic_ip_0_1'

1. Summary
----------

SUCCESS in the conversion of design_acc_cordic_ip_0_1 (xilinx.com:user:cordic_ip:1.0 (Rev. 4)) to Vivado generation flows.






Copyright 1986-2018 Xilinx, Inc. All Rights Reserved.
------------------------------------------------------------------------------------
| Tool Version : Vivado v.2018.3 (win64) Build 2405991 Thu Dec  6 23:38:27 MST 2018
| Date         : Wed Jun 14 22:41:43 2023
| Host         : fraczpa_pc running 64-bit major release  (build 9200)
| Command      : upgrade_ip
| Device       : xc7z020clg484-1
------------------------------------------------------------------------------------

Upgrade Log for IP 'design_acc_cordic_ip_0_1'

1. Summary
----------

SUCCESS in the upgrade of design_acc_cordic_ip_0_1 (xilinx.com:user:cordic_ip:1.0) from (Rev. 3) to (Rev. 4)

